Fri Apr 22 15:25:28 UTC 2022: 
 tests:  1|8
total_score: 0/70
eb8e80d
Fri Apr 22 15:25:57 UTC 2022: 
 treemap.c | 8 ++++++--
 1 file changed, 6 insertions(+), 2 deletions(-)
In file included from test.c:4:0:
treemap.c: In function ‘createTreeMap’:
treemap.c:42:6: error: ‘TreeMap {aka struct TreeMap}’ has no member named ‘key1’
   new->key1=key1;
      ^~
treemap.c:42:13: error: ‘key1’ undeclared (first use in this function); did you mean ‘key_t’?
   new->key1=key1;
             ^~~~
             key_t
treemap.c:42:13: note: each undeclared identifier is reported only once for each function it appears in
treemap.c:43:6: error: ‘TreeMap {aka struct TreeMap}’ has no member named ‘key2’
   new->key2=key2;
      ^~
treemap.c:43:13: error: ‘key2’ undeclared (first use in this function); did you mean ‘key1’?
   new->key2=key2;
             ^~~~
             key1
Compilation failed
5af79ec
Fri Apr 22 15:27:37 UTC 2022: 
 treemap.c | 3 +--
 1 file changed, 1 insertion(+), 2 deletions(-)
 tests:  4|7
total_score: 5/70
e4401ba
Fri Apr 22 15:34:15 UTC 2022: 
 treemap.c | 7 +++++--
 1 file changed, 5 insertions(+), 2 deletions(-)
In file included from test.c:4:0:
treemap.c: In function ‘minimum’:
treemap.c:54:6: error: ‘TreeNode {aka struct TreeNode}’ has no member named ‘current’; did you mean ‘parent’?
   x->current=x->root;
      ^~~~~~~
      parent
treemap.c:54:15: error: ‘TreeNode {aka struct TreeNode}’ has no member named ‘root’
   x->current=x->root;
               ^~
treemap.c:55:12: error: ‘TreeNode {aka struct TreeNode}’ has no member named ‘current’; did you mean ‘parent’?
   while(x->current->left != NULL){
            ^~~~~~~
            parent
treemap.c:56:8: error: ‘TreeNode {aka struct TreeNode}’ has no member named ‘current’; did you mean ‘parent’?
     x->current=x->current->left;
        ^~~~~~~
        parent
treemap.c:56:19: error: ‘TreeNode {aka struct TreeNode}’ has no member named ‘current’; did you mean ‘parent’?
     x->current=x->current->left;
                   ^~~~~~~
                   parent
treemap.c:58:13: error: ‘TreeNode {aka struct TreeNode}’ has no member named ‘current’; did you mean ‘parent’?
   return x->current;
             ^~~~~~~
             parent
treemap.c:59:1: error: control reaches end of non-void function [-Werror=return-type]
 }
 ^
cc1: all warnings being treated as errors
Compilation failed
0313fb7
Fri Apr 22 15:36:10 UTC 2022: 
 treemap.c | 7 +++----
 1 file changed, 3 insertions(+), 4 deletions(-)
 tests:  6|6
total_score: 5/70
8fa1813
Fri Apr 22 15:46:48 UTC 2022: 
 treemap.c | 15 +++++++++++++++
 1 file changed, 15 insertions(+)
In file included from test.c:4:0:
treemap.c: In function ‘searchTreeMap’:
treemap.c:82:14: error: return from incompatible pointer type [-Werror=incompatible-pointer-types]
       return aux;
              ^~~
cc1: all warnings being treated as errors
Compilation failed
f54e68f
Fri Apr 22 15:47:06 UTC 2022: 
 treemap.c | 4 ++--
 1 file changed, 2 insertions(+), 2 deletions(-)
In file included from test.c:4:0:
treemap.c: In function ‘searchTreeMap’:
treemap.c:82:14: error: return makes pointer from integer without a cast [-Werror=int-conversion]
       return 1;
              ^
cc1: all warnings being treated as errors
Compilation failed
440195e
Fri Apr 22 15:47:42 UTC 2022: 
 treemap.c | 4 ++--
 1 file changed, 2 insertions(+), 2 deletions(-)
In file included from test.c:4:0:
treemap.c: In function ‘searchTreeMap’:
treemap.c:82:14: error: return from incompatible pointer type [-Werror=incompatible-pointer-types]
       return tree;
              ^~~~
cc1: all warnings being treated as errors
Compilation failed
10afdac
Fri Apr 22 15:47:59 UTC 2022: 
 treemap.c | 2 +-
 1 file changed, 1 insertion(+), 1 deletion(-)
In file included from test.c:4:0:
treemap.c: In function ‘searchTreeMap’:
treemap.c:82:14: error: incompatible types when returning type ‘TreeNode {aka struct TreeNode}’ but ‘Pair * {aka struct Pair *}’ was expected
       return *aux;
              ^~~~
Compilation failed
0ef7d5f
Fri Apr 22 15:48:23 UTC 2022: 
 treemap.c | 2 +-
 1 file changed, 1 insertion(+), 1 deletion(-)
In file included from test.c:4:0:
treemap.c: In function ‘searchTreeMap’:
treemap.c:82:14: error: incompatible types when returning type ‘TreeMap {aka struct TreeMap}’ but ‘Pair * {aka struct Pair *}’ was expected
       return *tree;
              ^~~~~
Compilation failed
083936a
Fri Apr 22 15:48:35 UTC 2022: 
 treemap.c | 2 +-
 1 file changed, 1 insertion(+), 1 deletion(-)
 tests:  6|6
total_score: 5/70
7024f0e
Fri Apr 22 15:49:11 UTC 2022: 
 treemap.c | 2 +-
 1 file changed, 1 insertion(+), 1 deletion(-)
In file included from test.c:4:0:
treemap.c: In function ‘searchTreeMap’:
treemap.c:80:8: error: suggest parentheses around assignment used as truth value [-Werror=parentheses]
     if(key = aux->pair->key){
        ^~~
cc1: all warnings being treated as errors
Compilation failed
036e1bf
Fri Apr 22 15:50:16 UTC 2022: 
 treemap.c | 4 ++--
 1 file changed, 2 insertions(+), 2 deletions(-)
 tests:  6|6
total_score: 5/70
11acda6
Fri Apr 22 15:51:58 UTC 2022: 
 treemap.c | 4 ++--
 1 file changed, 2 insertions(+), 2 deletions(-)
 tests:  6|6
total_score: 5/70
46e2beb
Fri Apr 22 15:58:21 UTC 2022: 
 treemap.c | 2 +-
 1 file changed, 1 insertion(+), 1 deletion(-)
 tests:  0|0
e480df0
Fri Apr 22 15:58:51 UTC 2022: 
 treemap.c | 2 +-
 1 file changed, 1 insertion(+), 1 deletion(-)
 tests:  10|6
total_score: 5/70
b31a343
Fri Apr 22 16:00:37 UTC 2022: 
 treemap.c | 2 +-
 1 file changed, 1 insertion(+), 1 deletion(-)
In file included from test.c:4:0:
treemap.c: In function ‘searchTreeMap’:
treemap.c:84:8: error: implicit declaration of function ‘lower_than’ [-Werror=implicit-function-declaration]
     if(lower_than(key, aux->pair->key){
        ^~~~~~~~~~
treemap.c:84:39: error: expected ‘)’ before ‘{’ token
     if(lower_than(key, aux->pair->key){
                                       ^
treemap.c:90:3: error: expected expression before ‘}’ token
   }
   ^
cc1: all warnings being treated as errors
Compilation failed
d0b2c61
Fri Apr 22 16:01:25 UTC 2022: 
 treemap.c | 2 +-
 1 file changed, 1 insertion(+), 1 deletion(-)
In file included from test.c:4:0:
treemap.c: In function ‘searchTreeMap’:
treemap.c:84:8: error: implicit declaration of function ‘lower_than’ [-Werror=implicit-function-declaration]
     if(lower_than(key, aux->pair->key)){
        ^~~~~~~~~~
cc1: all warnings being treated as errors
Compilation failed
1651c87
Fri Apr 22 16:01:49 UTC 2022: 
 treemap.c | 2 +-
 1 file changed, 1 insertion(+), 1 deletion(-)
In file included from test.c:4:0:
treemap.c: In function ‘searchTreeMap’:
treemap.c:84:8: error: implicit declaration of function ‘lower_than’ [-Werror=implicit-function-declaration]
     if(lower_than(aux->pair->key, key)){
        ^~~~~~~~~~
cc1: all warnings being treated as errors
Compilation failed
42a0eec
Fri Apr 22 16:03:03 UTC 2022: 
 treemap.c | 2 +-
 1 file changed, 1 insertion(+), 1 deletion(-)
 tests:  13|5
total_score: 15/70
c371c78
Sun Apr 24 19:51:25 UTC 2022: 
 treemap.c | 14 ++++++++++++++
 1 file changed, 14 insertions(+)
In file included from test.c:4:0:
treemap.c: In function ‘insertTreeMap’:
treemap.c:57:47: error: value computed is not used [-Werror=unused-value]
     else(tree->lower_than(key, aux->pair->key)==1){
         ~~~~~~~~~~~~~~~~~~~~~~~~~~~~~~~~~~~~~~^~~~
treemap.c:57:51: error: expected ‘;’ before ‘{’ token
     else(tree->lower_than(key, aux->pair->key)==1){
                                                   ^
cc1: all warnings being treated as errors
Compilation failed
c2873f5
Sun Apr 24 19:52:42 UTC 2022: 
 treemap.c | 4 ++--
 1 file changed, 2 insertions(+), 2 deletions(-)
In file included from test.c:4:0:
treemap.c: In function ‘insertTreeMap’:
treemap.c:57:48: error: expected ‘;’ before ‘{’ token
     else(tree->lower_than(key, aux->pair->key)){
                                                ^
Compilation failed
a256782
Sun Apr 24 19:54:33 UTC 2022: 
 treemap.c | 3 +--
 1 file changed, 1 insertion(+), 2 deletions(-)
In file included from test.c:4:0:
treemap.c: In function ‘insertTreeMap’:
treemap.c:58:7: error: expected ‘;’ before ‘aux’
       aux=aux->left;
       ^~~
Compilation failed
feeef0e
Sun Apr 24 19:55:07 UTC 2022: 
 treemap.c | 2 +-
 1 file changed, 1 insertion(+), 1 deletion(-)
In file included from test.c:4:0:
treemap.c: In function ‘insertTreeMap’:
treemap.c:58:7: error: expected ‘;’ before ‘aux’
       aux->left->new;
       ^~~
Compilation failed
74cbd6f
Sun Apr 24 19:55:31 UTC 2022: 
 treemap.c | 4 ++--
 1 file changed, 2 insertions(+), 2 deletions(-)
In file included from test.c:4:0:
treemap.c: In function ‘insertTreeMap’:
treemap.c:57:48: error: expected ‘;’ before ‘{’ token
     else(tree->lower_than(key, aux->pair->key)){
                                                ^
Compilation failed
063ddfd
Sun Apr 24 19:55:58 UTC 2022: 
In file included from test.c:4:0:
treemap.c: In function ‘insertTreeMap’:
treemap.c:57:48: error: expected ‘;’ before ‘{’ token
     else(tree->lower_than(key, aux->pair->key)){
                                                ^
Compilation failed
ec04419
Sun Apr 24 22:14:04 UTC 2022: 
In file included from test.c:4:0:
treemap.c: In function ‘insertTreeMap’:
treemap.c:57:48: error: expected ‘;’ before ‘{’ token
     else(tree->lower_than(key, aux->pair->key)){
                                                ^
Compilation failed
99e79f0
Sun Apr 24 22:14:37 UTC 2022: 
 treemap.c | 2 +-
 1 file changed, 1 insertion(+), 1 deletion(-)
In file included from test.c:4:0:
treemap.c: In function ‘insertTreeMap’:
treemap.c:57:5: error: this ‘else’ clause does not guard... [-Werror=misleading-indentation]
     else(tree->lower_than(key, aux->pair->key));{
     ^~~~
treemap.c:57:49: note: ...this statement, but the latter is misleadingly indented as if it were guarded by the ‘else’
     else(tree->lower_than(key, aux->pair->key));{
                                                 ^
treemap.c:58:16: error: ‘TreeNode {aka struct TreeNode}’ has no member named ‘new’
       aux->left->new;
                ^~
cc1: all warnings being treated as errors
Compilation failed
e9d1efd
Sun Apr 24 22:15:27 UTC 2022: 
 treemap.c | 4 ++--
 1 file changed, 2 insertions(+), 2 deletions(-)
In file included from test.c:4:0:
treemap.c: In function ‘insertTreeMap’:
treemap.c:57:48: error: expected ‘;’ before ‘{’ token
     else(tree->lower_than(key, aux->pair->key)){
                                                ^
Compilation failed
01e08c9
Sun Apr 24 22:21:12 UTC 2022: 
 treemap.c | 4 ++--
 1 file changed, 2 insertions(+), 2 deletions(-)
In file included from test.c:4:0:
treemap.c: In function ‘insertTreeMap’:
treemap.c:57:47: error: value computed is not used [-Werror=unused-value]
     else(tree->lower_than(key, aux->pair->key)==1){
         ~~~~~~~~~~~~~~~~~~~~~~~~~~~~~~~~~~~~~~^~~~
treemap.c:57:51: error: expected ‘;’ before ‘{’ token
     else(tree->lower_than(key, aux->pair->key)==1){
                                                   ^
cc1: all warnings being treated as errors
Compilation failed
afb8d33
Sun Apr 24 22:21:50 UTC 2022: 
 treemap.c | 2 +-
 1 file changed, 1 insertion(+), 1 deletion(-)
In file included from test.c:4:0:
treemap.c: In function ‘insertTreeMap’:
treemap.c:57:48: error: expected ‘;’ before ‘{’ token
     else(tree->lower_than(key, aux->pair->key)){
                                                ^
Compilation failed
789b1a5
Sun Apr 24 22:23:51 UTC 2022: 
 treemap.c | 4 ++--
 1 file changed, 2 insertions(+), 2 deletions(-)
In file included from test.c:4:0:
treemap.c: In function ‘insertTreeMap’:
treemap.c:57:48: error: expected ‘;’ before ‘{’ token
     else(tree->lower_than(key, aux->pair->key)){
                                                ^
Compilation failed
3a907f3
Sun Apr 24 22:24:23 UTC 2022: 
 treemap.c | 2 +-
 1 file changed, 1 insertion(+), 1 deletion(-)
 tests:  0|0
f69fca0
